Looking for /opt/programs/tcp/ebpf-collect.c
Starting eBPF (Tracepoints for sendto/recvfrom syscalls).
BPF program loaded and tracepoints automatically attached.

Start Indicator file defined '/mnt/flux/start_ebpf_collection'. Waiting.
Start indicator found. Proceeding.
Ring buffers opened. Polling for events...
{"event_type": "RECV", "timestamp_sec": 2549.824459625, "tgid": 1353, "tid": 1353, "comm": "auditd", "cgroup_id": 2602, "fd": 3, "bytes": 63, "bytes_human": "63", "duration_ns": 1846, "duration_human": "1.85us"}
{"event_type": "RECV", "timestamp_sec": 2549.824971163, "tgid": 1353, "tid": 1353, "comm": "auditd", "cgroup_id": 2602, "fd": 3, "bytes": 316, "bytes_human": "316", "duration_ns": 4309, "duration_human": "4.31us"}
{"event_type": "RECV", "timestamp_sec": 2549.8249856, "tgid": 1353, "tid": 1353, "comm": "auditd", "cgroup_id": 2602, "fd": 3, "bytes": 62, "bytes_human": "62", "duration_ns": 735, "duration_human": "735ns"}
{"event_type": "RECV", "timestamp_sec": 2549.824995547, "tgid": 1353, "tid": 1353, "comm": "auditd", "cgroup_id": 2602, "fd": 3, "bytes": 310, "bytes_human": "310", "duration_ns": 743, "duration_human": "743ns"}
{"event_type": "RECV", "timestamp_sec": 2549.82501731, "tgid": 1353, "tid": 1353, "comm": "auditd", "cgroup_id": 2602, "fd": 3, "bytes": 44, "bytes_human": "44", "duration_ns": 769, "duration_human": "769ns"}
{"event_type": "RECV", "timestamp_sec": 2549.82501935, "tgid": 1353, "tid": 1353, "comm": "auditd", "cgroup_id": 2602, "fd": 3, "bytes": -11, "bytes_human": "ERR(-11)", "duration_ns": 292, "duration_human": "292ns"}
{"event_type": "RECV", "timestamp_sec": 2549.908401991, "tgid": 10460, "tid": 10481, "comm": "flb-pipeline", "cgroup_id": 10751, "fd": 359, "bytes": 75, "bytes_human": "75", "duration_ns": 5278, "duration_human": "5.28us"}
{"event_type": "RECV", "timestamp_sec": 2549.954982464, "tgid": 10460, "tid": 10481, "comm": "flb-pipeline", "cgroup_id": 10751, "fd": 400, "bytes": 75, "bytes_human": "75", "duration_ns": 1562, "duration_human": "1.56us"}
{"event_type": "RECV", "timestamp_sec": 2550.019782973, "tgid": 10460, "tid": 10481, "comm": "flb-pipeline", "cgroup_id": 10751, "fd": 367, "bytes": 75, "bytes_human": "75", "duration_ns": 5427, "duration_human": "5.43us"}
{"event_type": "RECV", "timestamp_sec": 2550.090162812, "tgid": 10460, "tid": 10481, "comm": "flb-pipeline", "cgroup_id": 10751, "fd": 371, "bytes": 75, "bytes_human": "75", "duration_ns": 1659, "duration_human": "1.66us"}
{"event_type": "RECV", "timestamp_sec": 2550.170687778, "tgid": 10460, "tid": 10481, "comm": "flb-pipeline", "cgroup_id": 10751, "fd": 390, "bytes": 75, "bytes_human": "75", "duration_ns": 9121, "duration_human": "9.12us"}
{"event_type": "RECV", "timestamp_sec": 2550.269832264, "tgid": 10460, "tid": 10481, "comm": "flb-pipeline", "cgroup_id": 10751, "fd": 398, "bytes": 75, "bytes_human": "75", "duration_ns": 4002, "duration_human": "4.00us"}
{"event_type": "RECV", "timestamp_sec": 2550.867588889, "tgid": 10460, "tid": 10481, "comm": "flb-pipeline", "cgroup_id": 10751, "fd": 401, "bytes": 75, "bytes_human": "75", "duration_ns": 3014, "duration_human": "3.01us"}
{"event_type": "RECV", "timestamp_sec": 2550.91359007, "tgid": 10460, "tid": 10481, "comm": "flb-pipeline", "cgroup_id": 10751, "fd": 406, "bytes": 75, "bytes_human": "75", "duration_ns": 1804, "duration_human": "1.80us"}
{"event_type": "RECV", "timestamp_sec": 2551.483527238, "tgid": 10460, "tid": 10481, "comm": "flb-pipeline", "cgroup_id": 10751, "fd": 407, "bytes": 75, "bytes_human": "75", "duration_ns": 7986, "duration_human": "7.99us"}
{"event_type": "RECV", "timestamp_sec": 2551.703592212, "tgid": 10460, "tid": 10481, "comm": "flb-pipeline", "cgroup_id": 10751, "fd": 408, "bytes": 75, "bytes_human": "75", "duration_ns": 7414, "duration_human": "7.41us"}
{"event_type": "RECV", "timestamp_sec": 2552.166025029, "tgid": 10460, "tid": 10481, "comm": "flb-pipeline", "cgroup_id": 10751, "fd": 402, "bytes": 75, "bytes_human": "75", "duration_ns": 6403, "duration_human": "6.40us"}
{"event_type": "RECV", "timestamp_sec": 2552.270630695, "tgid": 10460, "tid": 10481, "comm": "flb-pipeline", "cgroup_id": 10751, "fd": 403, "bytes": 75, "bytes_human": "75", "duration_ns": 10993, "duration_human": "10.99us"}
{"event_type": "RECV", "timestamp_sec": 2552.767523229, "tgid": 10460, "tid": 10481, "comm": "flb-pipeline", "cgroup_id": 10751, "fd": 405, "bytes": 75, "bytes_human": "75", "duration_ns": 8399, "duration_human": "8.40us"}
{"event_type": "RECV", "timestamp_sec": 2553.034760314, "tgid": 10460, "tid": 10481, "comm": "flb-pipeline", "cgroup_id": 10751, "fd": 357, "bytes": 75, "bytes_human": "75", "duration_ns": 5546, "duration_human": "5.55us"}
{"event_type": "RECV", "timestamp_sec": 2553.629516153, "tgid": 10460, "tid": 10481, "comm": "flb-pipeline", "cgroup_id": 10751, "fd": 397, "bytes": 75, "bytes_human": "75", "duration_ns": 7691, "duration_human": "7.69us"}
{"event_type": "RECV", "timestamp_sec": 2553.699128238, "tgid": 10460, "tid": 10481, "comm": "flb-pipeline", "cgroup_id": 10751, "fd": 404, "bytes": 75, "bytes_human": "75", "duration_ns": 4338, "duration_human": "4.34us"}
{"event_type": "RECV", "timestamp_sec": 2554.020249518, "tgid": 10460, "tid": 10481, "comm": "flb-pipeline", "cgroup_id": 10751, "fd": 428, "bytes": 178, "bytes_human": "178", "duration_ns": 43305, "duration_human": "43.30us"}
{"event_type": "RECV", "timestamp_sec": 2554.020261088, "tgid": 10460, "tid": 10481, "comm": "flb-pipeline", "cgroup_id": 10751, "fd": 428, "bytes": 401, "bytes_human": "401", "duration_ns": 6466, "duration_human": "6.47us"}
{"event_type": "RECV", "timestamp_sec": 2554.020263506, "tgid": 10460, "tid": 10481, "comm": "flb-pipeline", "cgroup_id": 10751, "fd": 428, "bytes": -11, "bytes_human": "ERR(-11)", "duration_ns": 1450, "duration_human": "1.45us"}
{"event_type": "RECV", "timestamp_sec": 2554.310769686, "tgid": 10460, "tid": 10481, "comm": "flb-pipeline", "cgroup_id": 10751, "fd": 413, "bytes": 75, "bytes_human": "75", "duration_ns": 5074, "duration_human": "5.07us"}
{"event_type": "RECV", "timestamp_sec": 2554.543323141, "tgid": 10460, "tid": 10481, "comm": "flb-pipeline", "cgroup_id": 10751, "fd": 360, "bytes": 75, "bytes_human": "75", "duration_ns": 3198, "duration_human": "3.20us"}
{"event_type": "RECV", "timestamp_sec": 2554.606714745, "tgid": 25876, "tid": 25876, "comm": "runc", "cgroup_id": 6520, "fd": 12, "bytes": 30, "bytes_human": "30", "duration_ns": 1299241, "duration_human": "1.30ms"}
{"event_type": "RECV", "timestamp_sec": 2554.606756819, "tgid": 25886, "tid": 25886, "comm": "runc:[2:INIT]", "cgroup_id": 10198, "fd": 4, "bytes": 28, "bytes_human": "28", "duration_ns": 50961, "duration_human": "50.96us"}
{"event_type": "RECV", "timestamp_sec": 2554.622213044, "tgid": 25876, "tid": 25876, "comm": "runc", "cgroup_id": 6520, "fd": 12, "bytes": 0, "bytes_human": "0", "duration_ns": 15472010, "duration_human": "15.47ms"}
{"event_type": "RECV", "timestamp_sec": 2554.641058773, "tgid": 10460, "tid": 10481, "comm": "flb-pipeline", "cgroup_id": 10751, "fd": 418, "bytes": 75, "bytes_human": "75", "duration_ns": 3131, "duration_human": "3.13us"}
{"event_type": "RECV", "timestamp_sec": 2554.654612546, "tgid": 10460, "tid": 10481, "comm": "flb-pipeline", "cgroup_id": 10751, "fd": 420, "bytes": 75, "bytes_human": "75", "duration_ns": 2956, "duration_human": "2.96us"}
{"event_type": "RECV", "timestamp_sec": 2554.726195437, "tgid": 10460, "tid": 10481, "comm": "flb-pipeline", "cgroup_id": 10751, "fd": 422, "bytes": 75, "bytes_human": "75", "duration_ns": 1987, "duration_human": "1.99us"}
{"event_type": "RECV", "timestamp_sec": 2554.747671006, "tgid": 10460, "tid": 10481, "comm": "flb-pipeline", "cgroup_id": 10751, "fd": 421, "bytes": 75, "bytes_human": "75", "duration_ns": 3169, "duration_human": "3.17us"}
{"event_type": "RECV", "timestamp_sec": 2554.827428727, "tgid": 10460, "tid": 10481, "comm": "flb-pipeline", "cgroup_id": 10751, "fd": 419, "bytes": 75, "bytes_human": "75", "duration_ns": 1203, "duration_human": "1.20us"}
{"event_type": "RECV", "timestamp_sec": 2554.895279874, "tgid": 10460, "tid": 10481, "comm": "flb-pipeline", "cgroup_id": 10751, "fd": 424, "bytes": 75, "bytes_human": "75", "duration_ns": 1382, "duration_human": "1.38us"}
{"event_type": "RECV", "timestamp_sec": 2554.914707389, "tgid": 10460, "tid": 10481, "comm": "flb-pipeline", "cgroup_id": 10751, "fd": 426, "bytes": 75, "bytes_human": "75", "duration_ns": 1249, "duration_human": "1.25us"}
{"event_type": "RECV", "timestamp_sec": 2555.10294965, "tgid": 10460, "tid": 10481, "comm": "flb-pipeline", "cgroup_id": 10751, "fd": 427, "bytes": 75, "bytes_human": "75", "duration_ns": 5689, "duration_human": "5.69us"}
{"event_type": "RECV", "timestamp_sec": 2555.104903539, "tgid": 10460, "tid": 10481, "comm": "flb-pipeline", "cgroup_id": 10751, "fd": 428, "bytes": 75, "bytes_human": "75", "duration_ns": 1504, "duration_human": "1.50us"}
{"event_type": "RECV", "timestamp_sec": 2555.194808048, "tgid": 25901, "tid": 25901, "comm": "lmp", "cgroup_id": 15972, "fd": 10, "bytes": 20, "bytes_human": "20", "duration_ns": 12997, "duration_human": "13.00us"}
{"event_type": "RECV", "timestamp_sec": 2555.194809964, "tgid": 25902, "tid": 25902, "comm": "lmp", "cgroup_id": 15972, "fd": 10, "bytes": 20, "bytes_human": "20", "duration_ns": 15276, "duration_human": "15.28us"}
{"event_type": "RECV", "timestamp_sec": 2555.194922678, "tgid": 25901, "tid": 25901, "comm": "lmp", "cgroup_id": 15972, "fd": 10, "bytes": 20, "bytes_human": "20", "duration_ns": 2374, "duration_human": "2.37us"}
{"event_type": "RECV", "timestamp_sec": 2555.194923672, "tgid": 25902, "tid": 25902, "comm": "lmp", "cgroup_id": 15972, "fd": 10, "bytes": 20, "bytes_human": "20", "duration_ns": 2994, "duration_human": "2.99us"}
{"event_type": "RECV", "timestamp_sec": 2555.194977383, "tgid": 25902, "tid": 25902, "comm": "lmp", "cgroup_id": 15972, "fd": 10, "bytes": 20, "bytes_human": "20", "duration_ns": 1904, "duration_human": "1.90us"}
{"event_type": "RECV", "timestamp_sec": 2555.194979048, "tgid": 25901, "tid": 25901, "comm": "lmp", "cgroup_id": 15972, "fd": 10, "bytes": 20, "bytes_human": "20", "duration_ns": 1866, "duration_human": "1.87us"}
{"event_type": "RECV", "timestamp_sec": 2555.195038688, "tgid": 25902, "tid": 25902, "comm": "lmp", "cgroup_id": 15972, "fd": 10, "bytes": 20, "bytes_human": "20", "duration_ns": 1980, "duration_human": "1.98us"}
{"event_type": "RECV", "timestamp_sec": 2555.195048142, "tgid": 25901, "tid": 25901, "comm": "lmp", "cgroup_id": 15972, "fd": 10, "bytes": 20, "bytes_human": "20", "duration_ns": 2016, "duration_human": "2.02us"}
{"event_type": "RECV", "timestamp_sec": 2555.195084219, "tgid": 25902, "tid": 25902, "comm": "lmp", "cgroup_id": 15972, "fd": 10, "bytes": 20, "bytes_human": "20", "duration_ns": 1795, "duration_human": "1.79us"}
{"event_type": "RECV", "timestamp_sec": 2555.195098344, "tgid": 25901, "tid": 25901, "comm": "lmp", "cgroup_id": 15972, "fd": 10, "bytes": 20, "bytes_human": "20", "duration_ns": 1890, "duration_human": "1.89us"}
{"event_type": "RECV", "timestamp_sec": 2555.195128822, "tgid": 25902, "tid": 25902, "comm": "lmp", "cgroup_id": 15972, "fd": 10, "bytes": 20, "bytes_human": "20", "duration_ns": 1861, "duration_human": "1.86us"}
{"event_type": "RECV", "timestamp_sec": 2555.195144206, "tgid": 25901, "tid": 25901, "comm": "lmp", "cgroup_id": 15972, "fd": 10, "bytes": 20, "bytes_human": "20", "duration_ns": 1819, "duration_human": "1.82us"}
{"event_type": "RECV", "timestamp_sec": 2555.195172969, "tgid": 25902, "tid": 25902, "comm": "lmp", "cgroup_id": 15972, "fd": 10, "bytes": 20, "bytes_human": "20", "duration_ns": 1730, "duration_human": "1.73us"}
{"event_type": "RECV", "timestamp_sec": 2555.195189726, "tgid": 25901, "tid": 25901, "comm": "lmp", "cgroup_id": 15972, "fd": 10, "bytes": 20, "bytes_human": "20", "duration_ns": 1785, "duration_human": "1.78us"}
{"event_type": "RECV", "timestamp_sec": 2555.19521665, "tgid": 25902, "tid": 25902, "comm": "lmp", "cgroup_id": 15972, "fd": 10, "bytes": 20, "bytes_human": "20", "duration_ns": 1754, "duration_human": "1.75us"}
{"event_type": "RECV", "timestamp_sec": 2555.195234772, "tgid": 25901, "tid": 25901, "comm": "lmp", "cgroup_id": 15972, "fd": 10, "bytes": 20, "bytes_human": "20", "duration_ns": 1686, "duration_human": "1.69us"}
{"event_type": "RECV", "timestamp_sec": 2555.19525911, "tgid": 25902, "tid": 25902, "comm": "lmp", "cgroup_id": 15972, "fd": 10, "bytes": 20, "bytes_human": "20", "duration_ns": 1748, "duration_human": "1.75us"}
{"event_type": "RECV", "timestamp_sec": 2555.195278016, "tgid": 25901, "tid": 25901, "comm": "lmp", "cgroup_id": 15972, "fd": 10, "bytes": 20, "bytes_human": "20", "duration_ns": 1532, "duration_human": "1.53us"}
{"event_type": "RECV", "timestamp_sec": 2555.195302114, "tgid": 25902, "tid": 25902, "comm": "lmp", "cgroup_id": 15972, "fd": 10, "bytes": 20, "bytes_human": "20", "duration_ns": 1718, "duration_human": "1.72us"}
{"event_type": "RECV", "timestamp_sec": 2555.19532147, "tgid": 25901, "tid": 25901, "comm": "lmp", "cgroup_id": 15972, "fd": 10, "bytes": 20, "bytes_human": "20", "duration_ns": 1702, "duration_human": "1.70us"}
{"event_type": "RECV", "timestamp_sec": 2555.400714576, "tgid": 25902, "tid": 25902, "comm": "lmp", "cgroup_id": 15972, "fd": 11, "bytes": 20, "bytes_human": "20", "duration_ns": 83185, "duration_human": "83.19us"}
{"event_type": "RECV", "timestamp_sec": 2555.400759979, "tgid": 25901, "tid": 25901, "comm": "lmp", "cgroup_id": 15972, "fd": 11, "bytes": 20, "bytes_human": "20", "duration_ns": 125411, "duration_human": "125.41us"}
{"event_type": "RECV", "timestamp_sec": 2555.400764366, "tgid": 25902, "tid": 25902, "comm": "lmp", "cgroup_id": 15972, "fd": 11, "bytes": 20, "bytes_human": "20", "duration_ns": 3269, "duration_human": "3.27us"}
{"event_type": "RECV", "timestamp_sec": 2555.400767009, "tgid": 25901, "tid": 25901, "comm": "lmp", "cgroup_id": 15972, "fd": 11, "bytes": 20, "bytes_human": "20", "duration_ns": 2736, "duration_human": "2.74us"}
{"event_type": "RECV", "timestamp_sec": 2555.400815513, "tgid": 25902, "tid": 25902, "comm": "lmp", "cgroup_id": 15972, "fd": 11, "bytes": 20, "bytes_human": "20", "duration_ns": 14682, "duration_human": "14.68us"}
{"event_type": "RECV", "timestamp_sec": 2555.400828784, "tgid": 25901, "tid": 25901, "comm": "lmp", "cgroup_id": 15972, "fd": 11, "bytes": 20, "bytes_human": "20", "duration_ns": 28060, "duration_human": "28.06us"}
{"event_type": "RECV", "timestamp_sec": 2555.400832323, "tgid": 25902, "tid": 25902, "comm": "lmp", "cgroup_id": 15972, "fd": 11, "bytes": 20, "bytes_human": "20", "duration_ns": 1908, "duration_human": "1.91us"}
{"event_type": "RECV", "timestamp_sec": 2555.400834209, "tgid": 25901, "tid": 25901, "comm": "lmp", "cgroup_id": 15972, "fd": 11, "bytes": 20, "bytes_human": "20", "duration_ns": 1928, "duration_human": "1.93us"}
{"event_type": "RECV", "timestamp_sec": 2555.400867331, "tgid": 25901, "tid": 25901, "comm": "lmp", "cgroup_id": 15972, "fd": 11, "bytes": 20, "bytes_human": "20", "duration_ns": 12802, "duration_human": "12.80us"}
{"event_type": "RECV", "timestamp_sec": 2555.400878929, "tgid": 25902, "tid": 25902, "comm": "lmp", "cgroup_id": 15972, "fd": 11, "bytes": 20, "bytes_human": "20", "duration_ns": 23891, "duration_human": "23.89us"}
{"event_type": "RECV", "timestamp_sec": 2555.400884346, "tgid": 25901, "tid": 25901, "comm": "lmp", "cgroup_id": 15972, "fd": 11, "bytes": 20, "bytes_human": "20", "duration_ns": 1757, "duration_human": "1.76us"}
{"event_type": "RECV", "timestamp_sec": 2555.400885761, "tgid": 25902, "tid": 25902, "comm": "lmp", "cgroup_id": 15972, "fd": 11, "bytes": 20, "bytes_human": "20", "duration_ns": 1861, "duration_human": "1.86us"}
{"event_type": "RECV", "timestamp_sec": 2555.401013623, "tgid": 25901, "tid": 25901, "comm": "lmp", "cgroup_id": 15972, "fd": 11, "bytes": 20, "bytes_human": "20", "duration_ns": 13103, "duration_human": "13.10us"}
{"event_type": "RECV", "timestamp_sec": 2555.401027676, "tgid": 25901, "tid": 25901, "comm": "lmp", "cgroup_id": 15972, "fd": 11, "bytes": 20, "bytes_human": "20", "duration_ns": 1919, "duration_human": "1.92us"}
{"event_type": "RECV", "timestamp_sec": 2555.401047489, "tgid": 25902, "tid": 25902, "comm": "lmp", "cgroup_id": 15972, "fd": 11, "bytes": 20, "bytes_human": "20", "duration_ns": 13294, "duration_human": "13.29us"}
{"event_type": "RECV", "timestamp_sec": 2555.401051773, "tgid": 25902, "tid": 25902, "comm": "lmp", "cgroup_id": 15972, "fd": 11, "bytes": 20, "bytes_human": "20", "duration_ns": 1707, "duration_human": "1.71us"}
{"event_type": "RECV", "timestamp_sec": 2555.40108804, "tgid": 25901, "tid": 25901, "comm": "lmp", "cgroup_id": 15972, "fd": 11, "bytes": 20, "bytes_human": "20", "duration_ns": 13484, "duration_human": "13.48us"}
{"event_type": "RECV", "timestamp_sec": 2555.401099741, "tgid": 25902, "tid": 25902, "comm": "lmp", "cgroup_id": 15972, "fd": 11, "bytes": 20, "bytes_human": "20", "duration_ns": 18168, "duration_human": "18.17us"}
{"event_type": "RECV", "timestamp_sec": 2555.401104901, "tgid": 25901, "tid": 25901, "comm": "lmp", "cgroup_id": 15972, "fd": 11, "bytes": 20, "bytes_human": "20", "duration_ns": 1925, "duration_human": "1.93us"}
{"event_type": "RECV", "timestamp_sec": 2555.401106433, "tgid": 25902, "tid": 25902, "comm": "lmp", "cgroup_id": 15972, "fd": 11, "bytes": 20, "bytes_human": "20", "duration_ns": 1835, "duration_human": "1.83us"}
{"event_type": "RECV", "timestamp_sec": 2555.404071173, "tgid": 25902, "tid": 25902, "comm": "lmp", "cgroup_id": 15972, "fd": 11, "bytes": 20, "bytes_human": "20", "duration_ns": 31582, "duration_human": "31.58us"}
{"event_type": "RECV", "timestamp_sec": 2555.404098528, "tgid": 25901, "tid": 25901, "comm": "lmp", "cgroup_id": 15972, "fd": 11, "bytes": 20, "bytes_human": "20", "duration_ns": 36533, "duration_human": "36.53us"}
{"event_type": "RECV", "timestamp_sec": 2555.40410246, "tgid": 25902, "tid": 25902, "comm": "lmp", "cgroup_id": 15972, "fd": 11, "bytes": 20, "bytes_human": "20", "duration_ns": 2747, "duration_human": "2.75us"}
{"event_type": "RECV", "timestamp_sec": 2555.404107922, "tgid": 25901, "tid": 25901, "comm": "lmp", "cgroup_id": 15972, "fd": 11, "bytes": 20, "bytes_human": "20", "duration_ns": 2666, "duration_human": "2.67us"}
{"event_type": "RECV", "timestamp_sec": 2555.40414989, "tgid": 25902, "tid": 25902, "comm": "lmp", "cgroup_id": 15972, "fd": 11, "bytes": 20, "bytes_human": "20", "duration_ns": 14074, "duration_human": "14.07us"}
{"event_type": "RECV", "timestamp_sec": 2555.404163026, "tgid": 25901, "tid": 25901, "comm": "lmp", "cgroup_id": 15972, "fd": 11, "bytes": 20, "bytes_human": "20", "duration_ns": 22164, "duration_human": "22.16us"}
{"event_type": "RECV", "timestamp_sec": 2555.4041664, "tgid": 25902, "tid": 25902, "comm": "lmp", "cgroup_id": 15972, "fd": 11, "bytes": 20, "bytes_human": "20", "duration_ns": 1783, "duration_human": "1.78us"}
{"event_type": "RECV", "timestamp_sec": 2555.404168372, "tgid": 25901, "tid": 25901, "comm": "lmp", "cgroup_id": 15972, "fd": 11, "bytes": 20, "bytes_human": "20", "duration_ns": 2107, "duration_human": "2.11us"}
{"event_type": "RECV", "timestamp_sec": 2555.4042024, "tgid": 25902, "tid": 25902, "comm": "lmp", "cgroup_id": 15972, "fd": 11, "bytes": 20, "bytes_human": "20", "duration_ns": 13068, "duration_human": "13.07us"}
{"event_type": "RECV", "timestamp_sec": 2555.40421384, "tgid": 25901, "tid": 25901, "comm": "lmp", "cgroup_id": 15972, "fd": 11, "bytes": 20, "bytes_human": "20", "duration_ns": 21969, "duration_human": "21.97us"}
{"event_type": "RECV", "timestamp_sec": 2555.404217197, "tgid": 25902, "tid": 25902, "comm": "lmp", "cgroup_id": 15972, "fd": 11, "bytes": 20, "bytes_human": "20", "duration_ns": 1783, "duration_human": "1.78us"}
{"event_type": "RECV", "timestamp_sec": 2555.404218716, "tgid": 25901, "tid": 25901, "comm": "lmp", "cgroup_id": 15972, "fd": 11, "bytes": 20, "bytes_human": "20", "duration_ns": 1883, "duration_human": "1.88us"}
{"event_type": "RECV", "timestamp_sec": 2555.404340849, "tgid": 25902, "tid": 25902, "comm": "lmp", "cgroup_id": 15972, "fd": 11, "bytes": 20, "bytes_human": "20", "duration_ns": 12994, "duration_human": "12.99us"}
{"event_type": "RECV", "timestamp_sec": 2555.404352667, "tgid": 25901, "tid": 25901, "comm": "lmp", "cgroup_id": 15972, "fd": 11, "bytes": 20, "bytes_human": "20", "duration_ns": 19192, "duration_human": "19.19us"}
{"event_type": "RECV", "timestamp_sec": 2555.404356224, "tgid": 25902, "tid": 25902, "comm": "lmp", "cgroup_id": 15972, "fd": 11, "bytes": 20, "bytes_human": "20", "duration_ns": 1920, "duration_human": "1.92us"}
{"event_type": "RECV", "timestamp_sec": 2555.404357493, "tgid": 25901, "tid": 25901, "comm": "lmp", "cgroup_id": 15972, "fd": 11, "bytes": 20, "bytes_human": "20", "duration_ns": 1894, "duration_human": "1.89us"}
{"event_type": "RECV", "timestamp_sec": 2555.4043889, "tgid": 25902, "tid": 25902, "comm": "lmp", "cgroup_id": 15972, "fd": 11, "bytes": 20, "bytes_human": "20", "duration_ns": 12970, "duration_human": "12.97us"}
{"event_type": "RECV", "timestamp_sec": 2555.404400419, "tgid": 25901, "tid": 25901, "comm": "lmp", "cgroup_id": 15972, "fd": 11, "bytes": 20, "bytes_human": "20", "duration_ns": 23712, "duration_human": "23.71us"}
{"event_type": "RECV", "timestamp_sec": 2555.404403863, "tgid": 25902, "tid": 25902, "comm": "lmp", "cgroup_id": 15972, "fd": 11, "bytes": 20, "bytes_human": "20", "duration_ns": 1745, "duration_human": "1.75us"}
{"event_type": "RECV", "timestamp_sec": 2555.404405431, "tgid": 25901, "tid": 25901, "comm": "lmp", "cgroup_id": 15972, "fd": 11, "bytes": 20, "bytes_human": "20", "duration_ns": 1811, "duration_human": "1.81us"}
{"event_type": "RECV", "timestamp_sec": 2558.783409243, "tgid": 25905, "tid": 25905, "comm": "iptables", "cgroup_id": 6640, "fd": 3, "bytes": 20, "bytes_human": "20", "duration_ns": 13763, "duration_human": "13.76us"}
{"event_type": "RECV", "timestamp_sec": 2558.783440017, "tgid": 25905, "tid": 25905, "comm": "iptables", "cgroup_id": 6640, "fd": 3, "bytes": 20, "bytes_human": "20", "duration_ns": 9518, "duration_human": "9.52us"}
{"event_type": "RECV", "timestamp_sec": 2558.783469246, "tgid": 25905, "tid": 25905, "comm": "iptables", "cgroup_id": 6640, "fd": 3, "bytes": 44, "bytes_human": "44", "duration_ns": 3204, "duration_human": "3.20us"}
{"event_type": "RECV", "timestamp_sec": 2558.783472239, "tgid": 25905, "tid": 25905, "comm": "iptables", "cgroup_id": 6640, "fd": 3, "bytes": 44, "bytes_human": "44", "duration_ns": 1248, "duration_human": "1.25us"}
{"event_type": "RECV", "timestamp_sec": 2558.783476586, "tgid": 25905, "tid": 25905, "comm": "iptables", "cgroup_id": 6640, "fd": 3, "bytes": 56, "bytes_human": "56", "duration_ns": 3034, "duration_human": "3.03us"}
{"event_type": "RECV", "timestamp_sec": 2558.783487006, "tgid": 25905, "tid": 25905, "comm": "iptables", "cgroup_id": 6640, "fd": 3, "bytes": 44, "bytes_human": "44", "duration_ns": 6641, "duration_human": "6.64us"}
{"event_type": "RECV", "timestamp_sec": 2558.783493147, "tgid": 25905, "tid": 25905, "comm": "iptables", "cgroup_id": 6640, "fd": 3, "bytes": 48, "bytes_human": "48", "duration_ns": 1133, "duration_human": "1.13us"}
{"event_type": "RECV", "timestamp_sec": 2558.783495423, "tgid": 25905, "tid": 25905, "comm": "iptables", "cgroup_id": 6640, "fd": 3, "bytes": 48, "bytes_human": "48", "duration_ns": 905, "duration_human": "905ns"}
{"event_type": "RECV", "timestamp_sec": 2558.783501816, "tgid": 25905, "tid": 25905, "comm": "iptables", "cgroup_id": 6640, "fd": 3, "bytes": 32, "bytes_human": "32", "duration_ns": 3126, "duration_human": "3.13us"}
{"event_type": "RECV", "timestamp_sec": 2558.783527735, "tgid": 25905, "tid": 25905, "comm": "iptables", "cgroup_id": 6640, "fd": 3, "bytes": 44, "bytes_human": "44", "duration_ns": 22747, "duration_human": "22.75us"}
{"event_type": "RECV", "timestamp_sec": 2558.78354652, "tgid": 25905, "tid": 25905, "comm": "iptables", "cgroup_id": 6640, "fd": 3, "bytes": 56, "bytes_human": "56", "duration_ns": 2087, "duration_human": "2.09us"}
{"event_type": "RECV", "timestamp_sec": 2558.783549112, "tgid": 25905, "tid": 25905, "comm": "iptables", "cgroup_id": 6640, "fd": 3, "bytes": 20, "bytes_human": "20", "duration_ns": 1031, "duration_human": "1.03us"}
{"event_type": "RECV", "timestamp_sec": 2558.784304642, "tgid": 25906, "tid": 25906, "comm": "ip6tables", "cgroup_id": 6640, "fd": 3, "bytes": 20, "bytes_human": "20", "duration_ns": 9934, "duration_human": "9.93us"}
{"event_type": "RECV", "timestamp_sec": 2558.784331625, "tgid": 25906, "tid": 25906, "comm": "ip6tables", "cgroup_id": 6640, "fd": 3, "bytes": 20, "bytes_human": "20", "duration_ns": 7252, "duration_human": "7.25us"}
{"event_type": "RECV", "timestamp_sec": 2558.784359439, "tgid": 25906, "tid": 25906, "comm": "ip6tables", "cgroup_id": 6640, "fd": 3, "bytes": 44, "bytes_human": "44", "duration_ns": 2936, "duration_human": "2.94us"}
{"event_type": "RECV", "timestamp_sec": 2558.784362027, "tgid": 25906, "tid": 25906, "comm": "ip6tables", "cgroup_id": 6640, "fd": 3, "bytes": 44, "bytes_human": "44", "duration_ns": 992, "duration_human": "992ns"}
{"event_type": "RECV", "timestamp_sec": 2558.784365953, "tgid": 25906, "tid": 25906, "comm": "ip6tables", "cgroup_id": 6640, "fd": 3, "bytes": 56, "bytes_human": "56", "duration_ns": 2608, "duration_human": "2.61us"}
{"event_type": "RECV", "timestamp_sec": 2558.784370493, "tgid": 25906, "tid": 25906, "comm": "ip6tables", "cgroup_id": 6640, "fd": 3, "bytes": 44, "bytes_human": "44", "duration_ns": 1164, "duration_human": "1.16us"}
{"event_type": "RECV", "timestamp_sec": 2558.784374, "tgid": 25906, "tid": 25906, "comm": "ip6tables", "cgroup_id": 6640, "fd": 3, "bytes": 48, "bytes_human": "48", "duration_ns": 1802, "duration_human": "1.80us"}
{"event_type": "RECV", "timestamp_sec": 2558.784376396, "tgid": 25906, "tid": 25906, "comm": "ip6tables", "cgroup_id": 6640, "fd": 3, "bytes": 48, "bytes_human": "48", "duration_ns": 967, "duration_human": "967ns"}
{"event_type": "RECV", "timestamp_sec": 2558.78438157, "tgid": 25906, "tid": 25906, "comm": "ip6tables", "cgroup_id": 6640, "fd": 3, "bytes": 32, "bytes_human": "32", "duration_ns": 2891, "duration_human": "2.89us"}
{"event_type": "RECV", "timestamp_sec": 2558.78438696, "tgid": 25906, "tid": 25906, "comm": "ip6tables", "cgroup_id": 6640, "fd": 3, "bytes": 56, "bytes_human": "56", "duration_ns": 2810, "duration_human": "2.81us"}
{"event_type": "RECV", "timestamp_sec": 2558.784389863, "tgid": 25906, "tid": 25906, "comm": "ip6tables", "cgroup_id": 6640, "fd": 3, "bytes": 20, "bytes_human": "20", "duration_ns": 1057, "duration_human": "1.06us"}
{"event_type": "RECV", "timestamp_sec": 2559.024178221, "tgid": 10460, "tid": 10481, "comm": "flb-pipeline", "cgroup_id": 10751, "fd": 409, "bytes": 173, "bytes_human": "173", "duration_ns": 42754, "duration_human": "42.75us"}
{"event_type": "RECV", "timestamp_sec": 2559.024194853, "tgid": 10460, "tid": 10481, "comm": "flb-pipeline", "cgroup_id": 10751, "fd": 409, "bytes": 143, "bytes_human": "143", "duration_ns": 5710, "duration_human": "5.71us"}
{"event_type": "RECV", "timestamp_sec": 2559.02419792, "tgid": 10460, "tid": 10481, "comm": "flb-pipeline", "cgroup_id": 10751, "fd": 409, "bytes": -11, "bytes_human": "ERR(-11)", "duration_ns": 1711, "duration_human": "1.71us"}
{"event_type": "RECV", "timestamp_sec": 2559.024216857, "tgid": 10460, "tid": 10481, "comm": "flb-pipeline", "cgroup_id": 10751, "fd": 410, "bytes": 180, "bytes_human": "180", "duration_ns": 10582, "duration_human": "10.58us"}
{"event_type": "RECV", "timestamp_sec": 2559.024232313, "tgid": 10460, "tid": 10481, "comm": "flb-pipeline", "cgroup_id": 10751, "fd": 410, "bytes": 20816, "bytes_human": "20816", "duration_ns": 13379, "duration_human": "13.38us"}
{"event_type": "RECV", "timestamp_sec": 2559.02423337, "tgid": 10460, "tid": 10481, "comm": "flb-pipeline", "cgroup_id": 10751, "fd": 410, "bytes": -11, "bytes_human": "ERR(-11)", "duration_ns": 452, "duration_human": "452ns"}
{"event_type": "RECV", "timestamp_sec": 2559.024249957, "tgid": 10460, "tid": 10481, "comm": "flb-pipeline", "cgroup_id": 10751, "fd": 411, "bytes": 213, "bytes_human": "213", "duration_ns": 8932, "duration_human": "8.93us"}
{"event_type": "RECV", "timestamp_sec": 2559.024255976, "tgid": 10460, "tid": 10481, "comm": "flb-pipeline", "cgroup_id": 10751, "fd": 411, "bytes": 2157, "bytes_human": "2157", "duration_ns": 3854, "duration_human": "3.85us"}
{"event_type": "RECV", "timestamp_sec": 2559.024256801, "tgid": 10460, "tid": 10481, "comm": "flb-pipeline", "cgroup_id": 10751, "fd": 411, "bytes": -11, "bytes_human": "ERR(-11)", "duration_ns": 317, "duration_human": "317ns"}
{"event_type": "RECV", "timestamp_sec": 2559.025172983, "tgid": 10460, "tid": 10481, "comm": "flb-pipeline", "cgroup_id": 10751, "fd": 409, "bytes": 75, "bytes_human": "75", "duration_ns": 2772, "duration_human": "2.77us"}
{"event_type": "RECV", "timestamp_sec": 2559.025199537, "tgid": 10460, "tid": 10481, "comm": "flb-pipeline", "cgroup_id": 10751, "fd": 411, "bytes": 75, "bytes_human": "75", "duration_ns": 1396, "duration_human": "1.40us"}
{"event_type": "RECV", "timestamp_sec": 2559.026271553, "tgid": 10460, "tid": 10481, "comm": "flb-pipeline", "cgroup_id": 10751, "fd": 410, "bytes": 75, "bytes_human": "75", "duration_ns": 2178, "duration_human": "2.18us"}
{"event_type": "RECV", "timestamp_sec": 2561.493464585, "tgid": 10213, "tid": 10213, "comm": "dnsmasq", "cgroup_id": 10593, "fd": 12, "bytes": 54, "bytes_human": "54", "duration_ns": 20125, "duration_human": "20.12us"}
{"event_type": "RECV", "timestamp_sec": 2561.493587221, "tgid": 10213, "tid": 10213, "comm": "dnsmasq", "cgroup_id": 10593, "fd": 12, "bytes": 143, "bytes_human": "143", "duration_ns": 5493, "duration_human": "5.49us"}
{"event_type": "RECV", "timestamp_sec": 2564.000518031, "tgid": 10460, "tid": 10481, "comm": "flb-pipeline", "cgroup_id": 10751, "fd": 429, "bytes": 209, "bytes_human": "209", "duration_ns": 44326, "duration_human": "44.33us"}
{"event_type": "RECV", "timestamp_sec": 2564.000534756, "tgid": 10460, "tid": 10481, "comm": "flb-pipeline", "cgroup_id": 10751, "fd": 429, "bytes": 158, "bytes_human": "158", "duration_ns": 5772, "duration_human": "5.77us"}
{"event_type": "RECV", "timestamp_sec": 2564.000537519, "tgid": 10460, "tid": 10481, "comm": "flb-pipeline", "cgroup_id": 10751, "fd": 429, "bytes": -11, "bytes_human": "ERR(-11)", "duration_ns": 1544, "duration_human": "1.54us"}
{"event_type": "RECV", "timestamp_sec": 2564.000558121, "tgid": 10460, "tid": 10481, "comm": "flb-pipeline", "cgroup_id": 10751, "fd": 433, "bytes": 179, "bytes_human": "179", "duration_ns": 10407, "duration_human": "10.41us"}
{"event_type": "RECV", "timestamp_sec": 2564.000565653, "tgid": 10460, "tid": 10481, "comm": "flb-pipeline", "cgroup_id": 10751, "fd": 433, "bytes": 2489, "bytes_human": "2489", "duration_ns": 4224, "duration_human": "4.22us"}
{"event_type": "RECV", "timestamp_sec": 2564.000566685, "tgid": 10460, "tid": 10481, "comm": "flb-pipeline", "cgroup_id": 10751, "fd": 433, "bytes": -11, "bytes_human": "ERR(-11)", "duration_ns": 457, "duration_human": "457ns"}
{"event_type": "RECV", "timestamp_sec": 2564.000583207, "tgid": 10460, "tid": 10481, "comm": "flb-pipeline", "cgroup_id": 10751, "fd": 435, "bytes": 157, "bytes_human": "157", "duration_ns": 9174, "duration_human": "9.17us"}
{"event_type": "RECV", "timestamp_sec": 2564.000590543, "tgid": 10460, "tid": 10481, "comm": "flb-pipeline", "cgroup_id": 10751, "fd": 435, "bytes": 6423, "bytes_human": "6423", "duration_ns": 4852, "duration_human": "4.85us"}
{"event_type": "RECV", "timestamp_sec": 2564.00059139, "tgid": 10460, "tid": 10481, "comm": "flb-pipeline", "cgroup_id": 10751, "fd": 435, "bytes": -11, "bytes_human": "ERR(-11)", "duration_ns": 327, "duration_human": "327ns"}
{"event_type": "RECV", "timestamp_sec": 2564.020089153, "tgid": 10460, "tid": 10481, "comm": "flb-pipeline", "cgroup_id": 10751, "fd": 429, "bytes": 75, "bytes_human": "75", "duration_ns": 4814, "duration_human": "4.81us"}
{"event_type": "RECV", "timestamp_sec": 2564.020119752, "tgid": 10460, "tid": 10481, "comm": "flb-pipeline", "cgroup_id": 10751, "fd": 435, "bytes": 75, "bytes_human": "75", "duration_ns": 1453, "duration_human": "1.45us"}
{"event_type": "RECV", "timestamp_sec": 2564.020129103, "tgid": 10460, "tid": 10481, "comm": "flb-pipeline", "cgroup_id": 10751, "fd": 433, "bytes": 75, "bytes_human": "75", "duration_ns": 1191, "duration_human": "1.19us"}
{"event_type": "RECV", "timestamp_sec": 2564.591648509, "tgid": 10460, "tid": 10486, "comm": "monkey: wrk/0", "cgroup_id": 10751, "fd": 354, "bytes": 103, "bytes_human": "103", "duration_ns": 4988, "duration_human": "4.99us"}
{"event_type": "RECV", "timestamp_sec": 2564.591732884, "tgid": 10460, "tid": 10486, "comm": "monkey: wrk/0", "cgroup_id": 10751, "fd": 354, "bytes": 5, "bytes_human": "5", "duration_ns": 9716, "duration_human": "9.72us"}
{"event_type": "RECV", "timestamp_sec": 2564.591846201, "tgid": 10460, "tid": 10486, "comm": "monkey: wrk/0", "cgroup_id": 10751, "fd": 354, "bytes": 597, "bytes_human": "597", "duration_ns": 103692, "duration_human": "103.69us"}
{"event_type": "RECV", "timestamp_sec": 2564.591878965, "tgid": 10460, "tid": 10486, "comm": "monkey: wrk/0", "cgroup_id": 10751, "fd": 354, "bytes": 2, "bytes_human": "2", "duration_ns": 13751, "duration_human": "13.75us"}
{"event_type": "RECV", "timestamp_sec": 2564.59190625, "tgid": 10460, "tid": 10486, "comm": "monkey: wrk/0", "cgroup_id": 10751, "fd": 354, "bytes": 5, "bytes_human": "5", "duration_ns": 8580, "duration_human": "8.58us"}
{"event_type": "RECV", "timestamp_sec": 2564.591953331, "tgid": 10460, "tid": 10486, "comm": "monkey: wrk/0", "cgroup_id": 10751, "fd": 354, "bytes": 0, "bytes_human": "0", "duration_ns": 2428, "duration_human": "2.43us"}
{"event_type": "RECV", "timestamp_sec": 2564.605709072, "tgid": 25950, "tid": 25950, "comm": "runc", "cgroup_id": 6520, "fd": 12, "bytes": 30, "bytes_human": "30", "duration_ns": 1286795, "duration_human": "1.29ms"}
{"event_type": "RECV", "timestamp_sec": 2564.605757887, "tgid": 25960, "tid": 25960, "comm": "runc:[2:INIT]", "cgroup_id": 10198, "fd": 4, "bytes": 28, "bytes_human": "28", "duration_ns": 56721, "duration_human": "56.72us"}
{"event_type": "RECV", "timestamp_sec": 2564.621149931, "tgid": 25950, "tid": 25950, "comm": "runc", "cgroup_id": 6520, "fd": 12, "bytes": 0, "bytes_human": "0", "duration_ns": 15409159, "duration_human": "15.41ms"}
{"event_type": "RECV", "timestamp_sec": 2566.817662724, "tgid": 25976, "tid": 25976, "comm": "http", "cgroup_id": 15972, "fd": 3, "bytes": 47, "bytes_human": "47", "duration_ns": 49803, "duration_human": "49.80us"}
{"event_type": "RECV", "timestamp_sec": 2566.817669659, "tgid": 25975, "tid": 25975, "comm": "http", "cgroup_id": 15972, "fd": 3, "bytes": 48, "bytes_human": "48", "duration_ns": 36345, "duration_human": "36.34us"}
{"event_type": "RECV", "timestamp_sec": 2566.817732125, "tgid": 10213, "tid": 10213, "comm": "dnsmasq", "cgroup_id": 10593, "fd": 12, "bytes": 47, "bytes_human": "47", "duration_ns": 29985, "duration_human": "29.98us"}
{"event_type": "RECV", "timestamp_sec": 2566.817756889, "tgid": 10213, "tid": 10213, "comm": "dnsmasq", "cgroup_id": 10593, "fd": 13, "bytes": 48, "bytes_human": "48", "duration_ns": 6410, "duration_human": "6.41us"}
{"event_type": "RECV", "timestamp_sec": 2566.821351445, "tgid": 10213, "tid": 10213, "comm": "dnsmasq", "cgroup_id": 10593, "fd": 12, "bytes": 108, "bytes_human": "108", "duration_ns": 1541, "duration_human": "1.54us"}
{"event_type": "RECV", "timestamp_sec": 2566.82138514, "tgid": 10213, "tid": 10213, "comm": "dnsmasq", "cgroup_id": 10593, "fd": 13, "bytes": 109, "bytes_human": "109", "duration_ns": 1263, "duration_human": "1.26us"}
{"event_type": "RECV", "timestamp_sec": 2566.821399327, "tgid": 25976, "tid": 25976, "comm": "http", "cgroup_id": 15972, "fd": 3, "bytes": 108, "bytes_human": "108", "duration_ns": 3453, "duration_human": "3.45us"}
{"event_type": "RECV", "timestamp_sec": 2566.821412497, "tgid": 25975, "tid": 25975, "comm": "http", "cgroup_id": 15972, "fd": 3, "bytes": 109, "bytes_human": "109", "duration_ns": 2456, "duration_human": "2.46us"}
{"event_type": "RECV", "timestamp_sec": 2566.821452336, "tgid": 25976, "tid": 25976, "comm": "http", "cgroup_id": 15972, "fd": 3, "bytes": 20, "bytes_human": "20", "duration_ns": 7515, "duration_human": "7.51us"}
{"event_type": "RECV", "timestamp_sec": 2566.821459737, "tgid": 25975, "tid": 25975, "comm": "http", "cgroup_id": 15972, "fd": 3, "bytes": 20, "bytes_human": "20", "duration_ns": 5752, "duration_human": "5.75us"}
{"event_type": "RECV", "timestamp_sec": 2566.821543013, "tgid": 25975, "tid": 25975, "comm": "http", "cgroup_id": 15972, "fd": 3, "bytes": 63, "bytes_human": "63", "duration_ns": 15871, "duration_human": "15.87us"}
{"event_type": "RECV", "timestamp_sec": 2566.821543277, "tgid": 25976, "tid": 25976, "comm": "http", "cgroup_id": 15972, "fd": 3, "bytes": 62, "bytes_human": "62", "duration_ns": 15571, "duration_human": "15.57us"}
{"event_type": "RECV", "timestamp_sec": 2566.821571369, "tgid": 10213, "tid": 10213, "comm": "dnsmasq", "cgroup_id": 10593, "fd": 12, "bytes": 63, "bytes_human": "63", "duration_ns": 9460, "duration_human": "9.46us"}
{"event_type": "RECV", "timestamp_sec": 2566.82158348, "tgid": 10213, "tid": 10213, "comm": "dnsmasq", "cgroup_id": 10593, "fd": 13, "bytes": 62, "bytes_human": "62", "duration_ns": 2500, "duration_human": "2.50us"}
{"event_type": "RECV", "timestamp_sec": 2566.821743394, "tgid": 10213, "tid": 10213, "comm": "dnsmasq", "cgroup_id": 10593, "fd": 12, "bytes": 156, "bytes_human": "156", "duration_ns": 5494, "duration_human": "5.49us"}
{"event_type": "RECV", "timestamp_sec": 2566.821806267, "tgid": 10213, "tid": 10213, "comm": "dnsmasq", "cgroup_id": 10593, "fd": 13, "bytes": 155, "bytes_human": "155", "duration_ns": 1159, "duration_human": "1.16us"}
{"event_type": "RECV", "timestamp_sec": 2566.821838623, "tgid": 25975, "tid": 25975, "comm": "http", "cgroup_id": 15972, "fd": 3, "bytes": 156, "bytes_human": "156", "duration_ns": 4152, "duration_human": "4.15us"}
{"event_type": "RECV", "timestamp_sec": 2566.821876277, "tgid": 25976, "tid": 25976, "comm": "http", "cgroup_id": 15972, "fd": 3, "bytes": 155, "bytes_human": "155", "duration_ns": 5869, "duration_human": "5.87us"}
{"event_type": "RECV", "timestamp_sec": 2566.821904024, "tgid": 25975, "tid": 25975, "comm": "http", "cgroup_id": 15972, "fd": 3, "bytes": 55, "bytes_human": "55", "duration_ns": 33512, "duration_human": "33.51us"}
{"event_type": "RECV", "timestamp_sec": 2566.821944616, "tgid": 25976, "tid": 25976, "comm": "http", "cgroup_id": 15972, "fd": 3, "bytes": 54, "bytes_human": "54", "duration_ns": 30508, "duration_human": "30.51us"}
{"event_type": "RECV", "timestamp_sec": 2566.821946489, "tgid": 10213, "tid": 10213, "comm": "dnsmasq", "cgroup_id": 10593, "fd": 12, "bytes": 55, "bytes_human": "55", "duration_ns": 12123, "duration_human": "12.12us"}
{"event_type": "RECV", "timestamp_sec": 2566.821960319, "tgid": 10213, "tid": 10213, "comm": "dnsmasq", "cgroup_id": 10593, "fd": 13, "bytes": 54, "bytes_human": "54", "duration_ns": 2725, "duration_human": "2.73us"}
{"event_type": "RECV", "timestamp_sec": 2566.822041699, "tgid": 10213, "tid": 10213, "comm": "dnsmasq", "cgroup_id": 10593, "fd": 13, "bytes": 147, "bytes_human": "147", "duration_ns": 1057, "duration_human": "1.06us"}
{"event_type": "RECV", "timestamp_sec": 2566.822064485, "tgid": 10213, "tid": 10213, "comm": "dnsmasq", "cgroup_id": 10593, "fd": 12, "bytes": 148, "bytes_human": "148", "duration_ns": 897, "duration_human": "897ns"}
{"event_type": "RECV", "timestamp_sec": 2566.822083855, "tgid": 25976, "tid": 25976, "comm": "http", "cgroup_id": 15972, "fd": 3, "bytes": 147, "bytes_human": "147", "duration_ns": 4761, "duration_human": "4.76us"}
{"event_type": "RECV", "timestamp_sec": 2566.822089233, "tgid": 25975, "tid": 25975, "comm": "http", "cgroup_id": 15972, "fd": 3, "bytes": 148, "bytes_human": "148", "duration_ns": 1348, "duration_human": "1.35us"}
{"event_type": "RECV", "timestamp_sec": 2566.822107957, "tgid": 25975, "tid": 25975, "comm": "http", "cgroup_id": 15972, "fd": 3, "bytes": 51, "bytes_human": "51", "duration_ns": 10196, "duration_human": "10.20us"}
{"event_type": "RECV", "timestamp_sec": 2566.82212584, "tgid": 10213, "tid": 10213, "comm": "dnsmasq", "cgroup_id": 10593, "fd": 12, "bytes": 51, "bytes_human": "51", "duration_ns": 6838, "duration_human": "6.84us"}
{"event_type": "RECV", "timestamp_sec": 2566.822147447, "tgid": 25976, "tid": 25976, "comm": "http", "cgroup_id": 15972, "fd": 3, "bytes": 50, "bytes_human": "50", "duration_ns": 33826, "duration_human": "33.83us"}
{"event_type": "RECV", "timestamp_sec": 2566.822159303, "tgid": 10213, "tid": 10213, "comm": "dnsmasq", "cgroup_id": 10593, "fd": 13, "bytes": 50, "bytes_human": "50", "duration_ns": 2725, "duration_human": "2.73us"}
{"event_type": "RECV", "timestamp_sec": 2566.822223886, "tgid": 10213, "tid": 10213, "comm": "dnsmasq", "cgroup_id": 10593, "fd": 12, "bytes": 144, "bytes_human": "144", "duration_ns": 846, "duration_human": "846ns"}
{"event_type": "RECV", "timestamp_sec": 2566.822241146, "tgid": 10213, "tid": 10213, "comm": "dnsmasq", "cgroup_id": 10593, "fd": 13, "bytes": 143, "bytes_human": "143", "duration_ns": 666, "duration_human": "666ns"}
{"event_type": "RECV", "timestamp_sec": 2566.822252843, "tgid": 25975, "tid": 25975, "comm": "http", "cgroup_id": 15972, "fd": 3, "bytes": 144, "bytes_human": "144", "duration_ns": 1267, "duration_human": "1.27us"}
{"event_type": "RECV", "timestamp_sec": 2566.822264859, "tgid": 25976, "tid": 25976, "comm": "http", "cgroup_id": 15972, "fd": 3, "bytes": 143, "bytes_human": "143", "duration_ns": 1247, "duration_human": "1.25us"}
{"event_type": "RECV", "timestamp_sec": 2566.822269551, "tgid": 25975, "tid": 25975, "comm": "http", "cgroup_id": 15972, "fd": 3, "bytes": 72, "bytes_human": "72", "duration_ns": 9197, "duration_human": "9.20us"}
{"event_type": "RECV", "timestamp_sec": 2566.822281022, "tgid": 25976, "tid": 25976, "comm": "http", "cgroup_id": 15972, "fd": 3, "bytes": 71, "bytes_human": "71", "duration_ns": 7056, "duration_human": "7.06us"}
{"event_type": "RECV", "timestamp_sec": 2566.822299625, "tgid": 10213, "tid": 10213, "comm": "dnsmasq", "cgroup_id": 10593, "fd": 12, "bytes": 72, "bytes_human": "72", "duration_ns": 17938, "duration_human": "17.94us"}
{"event_type": "RECV", "timestamp_sec": 2566.82231674, "tgid": 10213, "tid": 10213, "comm": "dnsmasq", "cgroup_id": 10593, "fd": 13, "bytes": 71, "bytes_human": "71", "duration_ns": 7030, "duration_human": "7.03us"}
{"event_type": "RECV", "timestamp_sec": 2566.825902714, "tgid": 10213, "tid": 10213, "comm": "dnsmasq", "cgroup_id": 10593, "fd": 13, "bytes": 165, "bytes_human": "165", "duration_ns": 1307, "duration_human": "1.31us"}
{"event_type": "RECV", "timestamp_sec": 2566.825933325, "tgid": 25976, "tid": 25976, "comm": "http", "cgroup_id": 15972, "fd": 3, "bytes": 165, "bytes_human": "165", "duration_ns": 1129, "duration_human": "1.13us"}
{"event_type": "RECV", "timestamp_sec": 2566.825954248, "tgid": 25976, "tid": 25976, "comm": "http", "cgroup_id": 15972, "fd": 3, "bytes": 57, "bytes_human": "57", "duration_ns": 11412, "duration_human": "11.41us"}
{"event_type": "RECV", "timestamp_sec": 2566.825977077, "tgid": 10213, "tid": 10213, "comm": "dnsmasq", "cgroup_id": 10593, "fd": 13, "bytes": 57, "bytes_human": "57", "duration_ns": 6623, "duration_human": "6.62us"}
{"event_type": "RECV", "timestamp_sec": 2566.826265529, "tgid": 10213, "tid": 10213, "comm": "dnsmasq", "cgroup_id": 10593, "fd": 12, "bytes": 166, "bytes_human": "166", "duration_ns": 1028, "duration_human": "1.03us"}
{"event_type": "RECV", "timestamp_sec": 2566.8262977, "tgid": 25975, "tid": 25975, "comm": "http", "cgroup_id": 15972, "fd": 3, "bytes": 166, "bytes_human": "166", "duration_ns": 902, "duration_human": "902ns"}
{"event_type": "RECV", "timestamp_sec": 2566.826314536, "tgid": 25975, "tid": 25975, "comm": "http", "cgroup_id": 15972, "fd": 3, "bytes": 58, "bytes_human": "58", "duration_ns": 9419, "duration_human": "9.42us"}
{"event_type": "RECV", "timestamp_sec": 2566.826342052, "tgid": 10213, "tid": 10213, "comm": "dnsmasq", "cgroup_id": 10593, "fd": 12, "bytes": 58, "bytes_human": "58", "duration_ns": 10784, "duration_human": "10.78us"}
{"event_type": "RECV", "timestamp_sec": 2566.829686654, "tgid": 10213, "tid": 10213, "comm": "dnsmasq", "cgroup_id": 10593, "fd": 13, "bytes": 146, "bytes_human": "146", "duration_ns": 1322, "duration_human": "1.32us"}
{"event_type": "RECV", "timestamp_sec": 2566.829714567, "tgid": 25976, "tid": 25976, "comm": "http", "cgroup_id": 15972, "fd": 3, "bytes": 146, "bytes_human": "146", "duration_ns": 853, "duration_human": "853ns"}
{"event_type": "RECV", "timestamp_sec": 2566.829731732, "tgid": 25976, "tid": 25976, "comm": "http", "cgroup_id": 15972, "fd": 3, "bytes": 52, "bytes_human": "52", "duration_ns": 9847, "duration_human": "9.85us"}
{"event_type": "RECV", "timestamp_sec": 2566.829753178, "tgid": 10213, "tid": 10213, "comm": "dnsmasq", "cgroup_id": 10593, "fd": 13, "bytes": 52, "bytes_human": "52", "duration_ns": 6405, "duration_human": "6.41us"}
{"event_type": "RECV", "timestamp_sec": 2566.831692799, "tgid": 10213, "tid": 10213, "comm": "dnsmasq", "cgroup_id": 10593, "fd": 12, "bytes": 147, "bytes_human": "147", "duration_ns": 1000, "duration_human": "1.00us"}
{"event_type": "RECV", "timestamp_sec": 2566.831722562, "tgid": 25975, "tid": 25975, "comm": "http", "cgroup_id": 15972, "fd": 3, "bytes": 147, "bytes_human": "147", "duration_ns": 970, "duration_human": "970ns"}
{"event_type": "RECV", "timestamp_sec": 2566.831738681, "tgid": 25975, "tid": 25975, "comm": "http", "cgroup_id": 15972, "fd": 3, "bytes": 53, "bytes_human": "53", "duration_ns": 9480, "duration_human": "9.48us"}
{"event_type": "RECV", "timestamp_sec": 2566.831760454, "tgid": 10213, "tid": 10213, "comm": "dnsmasq", "cgroup_id": 10593, "fd": 12, "bytes": 53, "bytes_human": "53", "duration_ns": 6433, "duration_human": "6.43us"}
{"event_type": "RECV", "timestamp_sec": 2566.834312409, "tgid": 10213, "tid": 10213, "comm": "dnsmasq", "cgroup_id": 10593, "fd": 13, "bytes": 141, "bytes_human": "141", "duration_ns": 770, "duration_human": "770ns"}
{"event_type": "RECV", "timestamp_sec": 2566.834341315, "tgid": 25976, "tid": 25976, "comm": "http", "cgroup_id": 15972, "fd": 3, "bytes": 141, "bytes_human": "141", "duration_ns": 981, "duration_human": "981ns"}
{"event_type": "RECV", "timestamp_sec": 2566.834359391, "tgid": 25976, "tid": 25976, "comm": "http", "cgroup_id": 15972, "fd": 3, "bytes": 36, "bytes_human": "36", "duration_ns": 10843, "duration_human": "10.84us"}
{"event_type": "RECV", "timestamp_sec": 2566.834381778, "tgid": 10213, "tid": 10213, "comm": "dnsmasq", "cgroup_id": 10593, "fd": 13, "bytes": 36, "bytes_human": "36", "duration_ns": 6411, "duration_human": "6.41us"}
{"event_type": "RECV", "timestamp_sec": 2566.835224034, "tgid": 10213, "tid": 10213, "comm": "dnsmasq", "cgroup_id": 10593, "fd": 12, "bytes": 142, "bytes_human": "142", "duration_ns": 827, "duration_human": "827ns"}
{"event_type": "RECV", "timestamp_sec": 2566.835255281, "tgid": 25975, "tid": 25975, "comm": "http", "cgroup_id": 15972, "fd": 3, "bytes": 142, "bytes_human": "142", "duration_ns": 940, "duration_human": "940ns"}
{"event_type": "RECV", "timestamp_sec": 2566.835271596, "tgid": 25975, "tid": 25975, "comm": "http", "cgroup_id": 15972, "fd": 3, "bytes": 37, "bytes_human": "37", "duration_ns": 9564, "duration_human": "9.56us"}
{"event_type": "RECV", "timestamp_sec": 2566.835293444, "tgid": 10213, "tid": 10213, "comm": "dnsmasq", "cgroup_id": 10593, "fd": 12, "bytes": 37, "bytes_human": "37", "duration_ns": 6224, "duration_human": "6.22us"}
{"event_type": "RECV", "timestamp_sec": 2566.838023513, "tgid": 10213, "tid": 10213, "comm": "dnsmasq", "cgroup_id": 10593, "fd": 13, "bytes": 116, "bytes_human": "116", "duration_ns": 858, "duration_human": "858ns"}
{"event_type": "RECV", "timestamp_sec": 2566.838052476, "tgid": 25976, "tid": 25976, "comm": "http", "cgroup_id": 15972, "fd": 3, "bytes": 116, "bytes_human": "116", "duration_ns": 958, "duration_human": "958ns"}
{"event_type": "RECV", "timestamp_sec": 2566.838293155, "tgid": 10213, "tid": 10213, "comm": "dnsmasq", "cgroup_id": 10593, "fd": 12, "bytes": 117, "bytes_human": "117", "duration_ns": 884, "duration_human": "884ns"}
{"event_type": "RECV", "timestamp_sec": 2566.83832265, "tgid": 25975, "tid": 25975, "comm": "http", "cgroup_id": 15972, "fd": 3, "bytes": 117, "bytes_human": "117", "duration_ns": 958, "duration_human": "958ns"}
{"event_type": "RECV", "timestamp_sec": 2569.000576038, "tgid": 10460, "tid": 10481, "comm": "flb-pipeline", "cgroup_id": 10751, "fd": 434, "bytes": 180, "bytes_human": "180", "duration_ns": 47924, "duration_human": "47.92us"}
{"event_type": "RECV", "timestamp_sec": 2569.000604678, "tgid": 10460, "tid": 10481, "comm": "flb-pipeline", "cgroup_id": 10751, "fd": 434, "bytes": 14833, "bytes_human": "14833", "duration_ns": 16581, "duration_human": "16.58us"}
{"event_type": "RECV", "timestamp_sec": 2569.0006079, "tgid": 10460, "tid": 10481, "comm": "flb-pipeline", "cgroup_id": 10751, "fd": 434, "bytes": -11, "bytes_human": "ERR(-11)", "duration_ns": 1919, "duration_human": "1.92us"}
{"event_type": "RECV", "timestamp_sec": 2569.00063393, "tgid": 10460, "tid": 10481, "comm": "flb-pipeline", "cgroup_id": 10751, "fd": 431, "bytes": 174, "bytes_human": "174", "duration_ns": 9694, "duration_human": "9.69us"}
{"event_type": "RECV", "timestamp_sec": 2569.000641632, "tgid": 10460, "tid": 10481, "comm": "flb-pipeline", "cgroup_id": 10751, "fd": 431, "bytes": 6591, "bytes_human": "6591", "duration_ns": 4922, "duration_human": "4.92us"}
{"event_type": "RECV", "timestamp_sec": 2569.000642618, "tgid": 10460, "tid": 10481, "comm": "flb-pipeline", "cgroup_id": 10751, "fd": 431, "bytes": -11, "bytes_human": "ERR(-11)", "duration_ns": 418, "duration_human": "418ns"}
{"event_type": "RECV", "timestamp_sec": 2569.021802549, "tgid": 10460, "tid": 10481, "comm": "flb-pipeline", "cgroup_id": 10751, "fd": 431, "bytes": 75, "bytes_human": "75", "duration_ns": 4958, "duration_human": "4.96us"}
{"event_type": "RECV", "timestamp_sec": 2569.021834824, "tgid": 10460, "tid": 10481, "comm": "flb-pipeline", "cgroup_id": 10751, "fd": 434, "bytes": 75, "bytes_human": "75", "duration_ns": 2479, "duration_human": "2.48us"}
{"event_type": "RECV", "timestamp_sec": 2571.189184987, "tgid": 1353, "tid": 1353, "comm": "auditd", "cgroup_id": 2602, "fd": 3, "bytes": 65, "bytes_human": "65", "duration_ns": 8029, "duration_human": "8.03us"}
{"event_type": "RECV", "timestamp_sec": 2571.189237088, "tgid": 1353, "tid": 1353, "comm": "auditd", "cgroup_id": 2602, "fd": 3, "bytes": -11, "bytes_human": "ERR(-11)", "duration_ns": 652, "duration_human": "652ns"}

Indicator file '/mnt/flux/stop_ebpf_collection' found. Stopping.
Cleaning up BPF resources...
